\BOOKMARK [-1][-]{part.1}{\376\377\173\054\116\000\220\350\122\006\000\040\117\341\140\157\150\300\175\042\116\016\143\222\124\015}{}% 1
\BOOKMARK [0][-]{chapter.1}{\376\377\124\021\221\317\172\172\225\364\152\041\127\213}{part.1}% 2
\BOOKMARK [1][-]{section.1.1}{\376\377\117\131\137\046\166\370\117\074\136\246}{chapter.1}% 3
\BOOKMARK [1][-]{section.1.2}{\376\377\000T\000F\000-\000I\000D\000F\215\113\147\103\154\325}{chapter.1}% 4
\BOOKMARK [1][-]{section.1.3}{\376\377\000I\000D\000F\116\016\117\341\140\157\221\317}{chapter.1}% 5
\BOOKMARK [0][-]{chapter.2}{\376\377\151\202\163\207\117\341\140\157\150\300\175\042\152\041\127\213}{part.1}% 6
\BOOKMARK [1][-]{section.2.1}{\376\377\151\202\163\207\143\222\136\217\123\237\164\006}{chapter.2}% 7
\BOOKMARK [1][-]{section.2.2}{\376\377\000B\000M\0002\0005}{chapter.2}% 8
\BOOKMARK [1][-]{section.2.3}{\376\377\000B\000M\0002\0005\000F}{chapter.2}% 9
\BOOKMARK [0][-]{chapter.3}{\376\377\213\355\212\000\152\041\127\213}{part.1}% 10
\BOOKMARK [1][-]{section.3.1}{\376\377\150\300\175\042\220\273\217\321\136\246}{chapter.3}% 11
\BOOKMARK [0][-]{chapter.4}{\376\377\000L\000u\000c\000e\000n\000e\000\040\000\046\000\040\000N\000u\000t\000c\000h\213\304\122\006}{part.1}% 12
\BOOKMARK [1][-]{section.4.1}{\376\377\000L\000u\000c\000e\000n\000e\213\304\122\006\152\041\127\213}{chapter.4}% 13
\BOOKMARK [1][-]{section.4.2}{\376\377\000L\000u\000c\000e\000n\000e\166\370\117\074\136\246\116\016\124\021\221\317\172\172\225\364\152\041\127\213}{chapter.4}% 14
\BOOKMARK [1][-]{section.4.3}{\376\377\121\154\164\006\150\300\175\042\121\375\145\160}{chapter.4}% 15
\BOOKMARK [1][-]{section.4.4}{\376\377\000L\000i\000n\000k\000R\000a\000n\000k}{chapter.4}% 16
\BOOKMARK [0][-]{chapter.5}{\376\377\127\372\116\216\126\376\166\204\143\222\124\015\152\041\127\213}{part.1}% 17
\BOOKMARK [1][-]{section.5.1}{\376\377\127\050\176\277\230\165\227\142\147\103\221\315\213\241\173\227\152\041\127\213}{chapter.5}% 18
\BOOKMARK [1][-]{section.5.2}{\376\377\000P\000a\000g\000e\000R\000a\000n\000k}{chapter.5}% 19
\BOOKMARK [2][-]{subsection.5.2.1}{\376\377\000P\000a\000n\000d\000a\000,\000\040\000C\000a\000f\000f\000e\000i\000n\000e\000\040\000a\000n\000d\000\040\000H\000i\000l\000l\000t\000o\000p}{section.5.2}% 20
\BOOKMARK [2][-]{subsection.5.2.2}{\376\377\116\052\140\047\123\026\000P\000a\000g\000e\000R\000a\000n\000k}{section.5.2}% 21
\BOOKMARK [2][-]{subsection.5.2.3}{\376\377\000L\000e\000o\000n\000t\000i\000e\000f\000\040\000\046\000\040\000P\000a\000g\000e\000R\000a\000n\000k}{section.5.2}% 22
\BOOKMARK [2][-]{subsection.5.2.4}{\376\377\000B\000a\000i\000d\000u\000\040\000L\000i\000n\000k\000\040\000R\000a\000n\000k}{section.5.2}% 23
\BOOKMARK [1][-]{section.5.3}{\376\377\116\073\230\230\145\117\141\037\166\204\000P\000a\000g\000e\000R\000a\000n\000k}{chapter.5}% 24
\BOOKMARK [1][-]{section.5.4}{\376\377\000S\000i\000m\000R\000a\000n\000k}{chapter.5}% 25
\BOOKMARK [1][-]{section.5.5}{\376\377\000C\000h\000e\000i\000R\000a\000n\000k}{chapter.5}% 26
\BOOKMARK [1][-]{section.5.6}{\376\377\000H\000I\000T\000S}{chapter.5}% 27
\BOOKMARK [2][-]{subsection.5.6.1}{\376\377\000H\000I\000T\000S\000\040\000v\000.\000s\000.\000\040\000P\000a\000g\000e\000R\000a\000n\000k}{section.5.6}% 28
\BOOKMARK [1][-]{section.5.7}{\376\377\000S\000A\000L\000S\000A}{chapter.5}% 29
\BOOKMARK [1][-]{section.5.8}{\376\377\000T\000r\000u\000s\000t\000R\000a\000n\000k}{chapter.5}% 30
\BOOKMARK [1][-]{section.5.9}{\376\377\000D\000i\000s\000t\000a\000n\000c\000e\000R\000a\000n\000k}{chapter.5}% 31
\BOOKMARK [1][-]{section.5.10}{\376\377\000Y\000a\000n\000d\000e\000x\000\040\000M\000a\000t\000r\000i\000x\000N\000e\000t}{chapter.5}% 32
\BOOKMARK [1][-]{section.5.11}{\376\377\000F\000a\000c\000e\000b\000o\000o\000k\000\040\000E\000d\000g\000e\000R\000a\000n\000k}{chapter.5}% 33
\BOOKMARK [1][-]{section.5.12}{\376\377\000Q\000u\000o\000r\000a\000\040\000P\000e\000o\000p\000l\000e\000R\000a\000n\000k}{chapter.5}% 34
\BOOKMARK [0][-]{chapter.6}{\376\377\126\376\120\317\144\034\175\042\116\016\143\222\124\015\173\227\154\325}{part.1}% 35
\BOOKMARK [1][-]{section.6.1}{\376\377\141\037\167\345\124\310\136\014\173\227\154\325}{chapter.6}% 36
\BOOKMARK [1][-]{section.6.2}{\376\377\230\234\202\162\122\006\136\003\154\325}{chapter.6}% 37
\BOOKMARK [1][-]{section.6.3}{\376\377\131\047\155\045\226\010\120\074\154\325}{chapter.6}% 38
\BOOKMARK [1][-]{section.6.4}{\376\377\000V\000i\000s\000u\000a\000l\000R\000a\000n\000k}{chapter.6}% 39
\BOOKMARK [0][-]{chapter.7}{\376\377\127\372\116\216\213\304\122\006\166\204\143\222\124\015\152\041\127\213}{part.1}% 40
\BOOKMARK [1][-]{section.7.1}{\376\377\162\133\230\177\121\267\123\164\133\232\137\213}{chapter.7}% 41
\BOOKMARK [1][-]{section.7.2}{\376\377\000H\000N\000R\000a\000t\000i\000n\000g}{chapter.7}% 42
\BOOKMARK [1][-]{section.7.3}{\376\377\000R\000e\000d\000d\000i\000t\160\355\136\246\213\304\122\006}{chapter.7}% 43
\BOOKMARK [1][-]{section.7.4}{\376\377\000R\000e\000d\000d\000i\000t\147\000\117\163\213\304\122\006}{chapter.7}% 44
\BOOKMARK [1][-]{section.7.5}{\376\377\000S\000t\000a\000c\000k\000\040\000O\000v\000e\000r\000f\000l\000o\000w\213\304\122\006}{chapter.7}% 45
\BOOKMARK [1][-]{section.7.6}{\376\377\000I\000D\000M\000b\151\234\231\226\0002\0005\0000\213\304\122\006\174\373\176\337}{chapter.7}% 46
\BOOKMARK [-1][-]{part.2}{\376\377\173\054\116\214\220\350\122\006\000\040\143\222\124\015\164\006\213\272}{}% 47
\BOOKMARK [0][-]{chapter.8}{\376\377\171\076\117\032\220\011\142\351\164\006\213\272}{part.2}% 48
\BOOKMARK [1][-]{section.8.1}{\376\377\173\046\123\367\133\232\116\111}{chapter.8}% 49
\BOOKMARK [1][-]{section.8.2}{\376\377\117\115\177\156\213\304\122\006\154\325}{chapter.8}% 50
\BOOKMARK [2][-]{subsection.8.2.1}{\376\377\131\032\145\160\142\225\171\150\154\325}{section.8.2}% 51
\BOOKMARK [2][-]{subsection.8.2.2}{\376\377\154\342\217\276\213\241\145\160}{section.8.2}% 52
\BOOKMARK [2][-]{subsection.8.2.3}{\376\377\213\241\122\006\142\225\171\150\154\325}{section.8.2}% 53
\BOOKMARK [2][-]{subsection.8.2.4}{\376\377\133\124\131\032\130\136\145\271\154\325}{section.8.2}% 54
\BOOKMARK [1][-]{section.8.3}{\376\377\117\115\177\156\173\133\220\011\154\325}{chapter.8}% 55
\BOOKMARK [2][-]{subsection.8.3.1}{\376\377\123\125\213\260\123\357\213\251\156\041\142\225\171\150\122\066}{section.8.3}% 56
\BOOKMARK [1][-]{section.8.4}{\376\377\151\202\163\207\152\041\127\213\154\325}{chapter.8}% 57
\BOOKMARK [2][-]{subsection.8.4.1}{\376\377\232\154\155\033\145\257\152\041\127\213}{section.8.4}% 58
\BOOKMARK [2][-]{subsection.8.4.2}{\376\377\164\137\145\257\230\177\152\041\127\213\116\016\000T\000r\000u\000e\000S\000k\000i\000l\000l\143\222\124\015}{section.8.4}% 59
\BOOKMARK [2][-]{subsection.8.4.3}{\376\377\136\003\226\367\137\267\122\051\045\000\162\171\221\314\045\000\123\142\145\257\152\041\127\213}{section.8.4}% 60
\BOOKMARK [2][-]{subsection.8.4.4}{\376\377\146\156\142\311\127\372\162\171\045\000\123\142\145\257\152\041\127\213}{section.8.4}% 61
\BOOKMARK [2][-]{subsection.8.4.5}{\376\377\000E\000l\000o\143\222\136\217\174\373\176\337}{section.8.4}% 62
\BOOKMARK [2][-]{subsection.8.4.6}{\376\377\000C\000o\000l\000l\000e\000y\145\271\154\325}{section.8.4}% 63
\BOOKMARK [2][-]{subsection.8.4.7}{\376\377\000M\000a\000s\000s\000e\000y\145\271\154\325}{section.8.4}% 64
\BOOKMARK [1][-]{section.8.5}{\376\377\142\225\171\150\174\373\176\337\121\306\122\031}{chapter.8}% 65
\BOOKMARK [1][-]{section.8.6}{\376\377\226\077\177\127\116\015\123\357\200\375\133\232\164\006}{chapter.8}% 66
\BOOKMARK [1][-]{section.8.7}{\376\377\124\011\117\057\137\267\377\015\204\050\162\171\140\035\227\346\162\171\133\232\164\006}{chapter.8}% 67
\BOOKMARK [1][-]{section.8.8}{\376\377\150\205\133\232\164\006}{chapter.8}% 68
\BOOKMARK [1][-]{section.8.9}{\376\377\143\222\124\015\200\132\124\010}{chapter.8}% 69
\BOOKMARK [2][-]{subsection.8.9.1}{\376\377\136\217\133\371\142\225\171\150\121\306\122\031}{section.8.9}% 70
\BOOKMARK [0][-]{chapter.9}{\376\377\143\222\124\015\145\066\145\133}{part.2}% 71
\BOOKMARK [-1][-]{part.3}{\376\377\173\054\116\011\220\350\122\006\000\040\145\160\143\156\143\026\143\230\116\016\147\072\126\150\133\146\116\140}{}% 72
\BOOKMARK [0][-]{chapter.10}{\376\377\126\336\137\122\122\006\147\220}{part.3}% 73
\BOOKMARK [1][-]{section.10.1}{\376\377\176\277\140\047\126\336\137\122}{chapter.10}% 74
\BOOKMARK [1][-]{section.10.2}{\376\377\134\255\126\336\137\122}{chapter.10}% 75
\BOOKMARK [1][-]{section.10.3}{\376\377\000L\000a\000s\000s\000o}{chapter.10}% 76
\BOOKMARK [1][-]{section.10.4}{\376\377\147\000\134\017\211\322\126\336\137\122}{chapter.10}% 77
\BOOKMARK [1][-]{section.10.5}{\376\377\122\115\124\021\220\020\153\145\126\336\137\122}{chapter.10}% 78
\BOOKMARK [1][-]{section.10.6}{\376\377\147\011\136\217\126\336\137\122}{chapter.10}% 79
\BOOKMARK [1][-]{section.10.7}{\376\377\117\335\136\217\126\336\137\122}{chapter.10}% 80
\BOOKMARK [0][-]{chapter.11}{\376\377\122\006\174\173}{part.3}% 81
\BOOKMARK [1][-]{section.11.1}{\376\377\000K\000N\000N\173\227\154\325}{chapter.11}% 82
\BOOKMARK [1][-]{section.11.2}{\376\377\215\035\123\366\145\257\122\006\174\173}{chapter.11}% 83
\BOOKMARK [1][-]{section.11.3}{\376\377\150\007\173\176\117\040\220\022\173\227\154\325}{chapter.11}% 84
\BOOKMARK [1][-]{section.11.4}{\376\377\220\073\217\221\126\336\137\122}{chapter.11}% 85
\BOOKMARK [1][-]{section.11.5}{\376\377\176\277\140\047\122\044\122\053\122\006\147\220}{chapter.11}% 86
\BOOKMARK [2][-]{subsection.11.5.1}{\376\377\176\277\140\047\122\044\122\053\122\006\147\220\116\016\116\214\153\041\122\044\122\053\122\006\147\220}{section.11.5}% 87
\BOOKMARK [2][-]{subsection.11.5.2}{\376\377\215\071\136\014\134\024\122\044\122\053\122\006\147\220}{section.11.5}% 88
\BOOKMARK [1][-]{section.11.6}{\376\377\176\240\225\031\217\223\121\372\177\026\170\001}{chapter.11}% 89
\BOOKMARK [1][-]{section.11.7}{\376\377\141\037\167\345\126\150\173\227\154\325}{chapter.11}% 90
\BOOKMARK [1][-]{section.11.8}{\376\377\131\047\225\364\226\224\122\006\174\173\126\150}{chapter.11}% 91
\BOOKMARK [0][-]{chapter.12}{\376\377\145\057\143\001\124\021\221\317\147\072}{part.3}% 92
\BOOKMARK [1][-]{section.12.1}{\376\377\176\337\213\241\133\146\116\140\164\006\213\272}{chapter.12}% 93
\BOOKMARK [1][-]{section.12.2}{\376\377\000V\000C\176\364}{chapter.12}% 94
\BOOKMARK [1][-]{section.12.3}{\376\377\147\037\147\033\230\316\226\151\116\016\176\317\232\214\230\316\226\151}{chapter.12}% 95
\BOOKMARK [1][-]{section.12.4}{\376\377\154\333\123\026\165\114}{chapter.12}% 96
\BOOKMARK [1][-]{section.12.5}{\376\377\176\323\147\204\230\316\226\151\147\000\134\017\123\026}{chapter.12}% 97
\BOOKMARK [1][-]{section.12.6}{\376\377\145\057\143\001\124\021\221\317\147\072\122\006\174\173\126\150}{chapter.12}% 98
\BOOKMARK [1][-]{section.12.7}{\376\377\150\070\145\271\154\325}{chapter.12}% 99
\BOOKMARK [1][-]{section.12.8}{\376\377\127\127\173\227\154\325}{chapter.12}% 100
\BOOKMARK [1][-]{section.12.9}{\376\377\000O\000s\000u\000n\000a\122\006\211\343\173\227\154\325}{chapter.12}% 101
\BOOKMARK [1][-]{section.12.10}{\376\377\136\217\122\027\147\000\134\017\117\030\123\026\173\227\154\325}{chapter.12}% 102
\BOOKMARK [2][-]{subsection.12.10.1}{\376\377\211\343\147\220\145\271\154\325\377\032\117\030\123\026\142\311\150\074\147\027\145\345\116\130\133\120\133\371}{section.12.10}% 103
\BOOKMARK [2][-]{subsection.12.10.2}{\376\377\124\057\123\321\137\017\145\271\154\325\377\032\220\011\123\326\142\311\150\074\147\027\145\345\116\130\133\120\133\371}{section.12.10}% 104
\BOOKMARK [2][-]{subsection.12.10.3}{\376\377\170\156\133\232\142\052\215\335}{section.12.10}% 105
\BOOKMARK [2][-]{subsection.12.10.4}{\376\377\173\227\154\325\122\240\220\037}{section.12.10}% 106
\BOOKMARK [2][-]{subsection.12.10.5}{\376\377\176\310\153\142\147\141\116\366}{section.12.10}% 107
\BOOKMARK [1][-]{section.12.11}{\376\377\000S\000V\000M\000L\000i\000g\000h\000t}{chapter.12}% 108
\BOOKMARK [1][-]{section.12.12}{\376\377\000L\000i\000b\000S\000V\000M}{chapter.12}% 109
\BOOKMARK [1][-]{section.12.13}{\376\377\000P\000e\000g\000a\000s\000o\000s}{chapter.12}% 110
\BOOKMARK [1][-]{section.12.14}{\376\377\220\273\217\321\145\057\143\001\124\021\221\317\147\072}{chapter.12}% 111
\BOOKMARK [0][-]{chapter.13}{\376\377\116\272\135\345\171\136\176\317\177\121\176\334}{part.3}% 112
\BOOKMARK [1][-]{section.13.1}{\376\377\171\136\176\317\177\121\176\334\173\200\123\362}{chapter.13}% 113
\BOOKMARK [1][-]{section.13.2}{\376\377\155\361\136\246\133\146\116\140}{chapter.13}% 114
\BOOKMARK [2][-]{subsection.13.2.1}{\376\377\201\352\122\250\177\026\170\001\126\150}{section.13.2}% 115
\BOOKMARK [2][-]{subsection.13.2.2}{\376\377\172\000\165\217\177\026\170\001\145\271\154\325}{section.13.2}% 116
\BOOKMARK [2][-]{subsection.13.2.3}{\376\377\163\273\134\024\121\171\146\374\147\072}{section.13.2}% 117
\BOOKMARK [1][-]{section.13.3}{\376\377\117\341\137\365\177\121\176\334}{chapter.13}% 118
\BOOKMARK [1][-]{section.13.4}{\376\377\123\167\171\357\171\136\176\317\177\121\176\334}{chapter.13}% 119
\BOOKMARK [0][-]{chapter.14}{\376\377\147\201\226\120\133\146\116\140\147\072}{part.3}% 120
\BOOKMARK [0][-]{chapter.15}{\376\377\121\263\173\126\150\021}{part.3}% 121
\BOOKMARK [1][-]{subsection.15.0.1}{\376\377\121\263\173\126\150\021\150\151}{chapter.15}% 122
\BOOKMARK [2][-]{subsection.15.0.2}{\376\377\122\152\147\235}{subsection.15.0.1}% 123
\BOOKMARK [2][-]{subsection.15.0.3}{\376\377\177\072\120\074}{subsection.15.0.1}% 124
\BOOKMARK [2][-]{subsection.15.0.4}{\376\377\150\021\166\204\226\306\142\020\152\041\127\213}{subsection.15.0.1}% 125
\BOOKMARK [1][-]{section.15.1}{\376\377\000I\000D\0003\124\214\000C\0004\000.\0005}{chapter.15}% 126
\BOOKMARK [1][-]{section.15.2}{\376\377\122\006\174\173\116\016\126\336\137\122\150\021}{chapter.15}% 127
\BOOKMARK [1][-]{section.15.3}{\376\377\226\217\147\072\150\356\147\227}{chapter.15}% 128
\BOOKMARK [1][-]{section.15.4}{\376\377\150\257\136\246\143\320\123\107\173\227\154\325}{chapter.15}% 129
\BOOKMARK [2][-]{subsection.15.4.1}{\376\377\143\137\131\061\121\375\145\160}{section.15.4}% 130
\BOOKMARK [2][-]{subsection.15.4.2}{\376\377\150\257\136\246\143\320\123\107\121\263\173\126\150\021}{section.15.4}% 131
\BOOKMARK [2][-]{subsection.15.4.3}{\376\377\177\051\121\317}{section.15.4}% 132
\BOOKMARK [2][-]{subsection.15.4.4}{\376\377\226\217\147\072\150\257\136\246\143\320\123\107}{section.15.4}% 133
\BOOKMARK [2][-]{subsection.15.4.5}{\376\377\143\222\124\015\225\356\230\230}{section.15.4}% 134
\BOOKMARK [0][-]{chapter.16}{\376\377\200\132\174\173\122\006\147\220}{part.3}% 135
\BOOKMARK [1][-]{section.16.1}{\376\377\000K\000-\000M\000e\000a\000n\000s\124\214\000K\000-\000M\000e\000d\000o\000i\000d\000s}{chapter.16}% 136
\BOOKMARK [1][-]{section.16.2}{\376\377\214\061\200\132\174\173}{chapter.16}% 137
\BOOKMARK [2][-]{subsection.16.2.1}{\376\377\214\061\122\006\147\220}{section.16.2}% 138
\BOOKMARK [2][-]{subsection.16.2.2}{\376\377\214\061\126\376\122\006\122\162}{section.16.2}% 139
\BOOKMARK [1][-]{section.16.3}{\376\377\133\306\136\246\134\360\120\074\200\132\174\173}{chapter.16}% 140
\BOOKMARK [0][-]{chapter.17}{\376\377\176\337\213\241\152\041\127\213}{part.3}% 141
\BOOKMARK [1][-]{section.17.1}{\376\377\000E\000M\173\227\154\325}{chapter.17}% 142
\BOOKMARK [2][-]{subsection.17.1.1}{\376\377\232\330\145\257\155\367\124\010\152\041\127\213}{section.17.1}% 143
\BOOKMARK [1][-]{section.17.2}{\376\377\151\202\163\207\226\220\213\355\116\111\122\006\147\220}{chapter.17}% 144
\BOOKMARK [1][-]{section.17.3}{\376\377\226\220\124\053\162\304\122\051\121\113\226\367\122\006\136\003}{chapter.17}% 145
\BOOKMARK [1][-]{section.17.4}{\376\377\147\000\131\047\161\265\152\041\127\213}{chapter.17}% 146
\BOOKMARK [2][-]{subsection.17.4.1}{\376\377\147\000\131\047\161\265\123\237\164\006}{section.17.4}% 147
\BOOKMARK [2][-]{subsection.17.4.2}{\376\377\147\000\131\047\161\265\152\041\127\213}{section.17.4}% 148
\BOOKMARK [2][-]{subsection.17.4.3}{\376\377\123\302\145\160\117\030\123\026\000\040\000-\000\040\000I\000I\000S\173\227\154\325}{section.17.4}% 149
\BOOKMARK [2][-]{subsection.17.4.4}{\376\377\152\041\127\213\123\302\145\160\147\000\131\047\117\074\161\066\117\060\213\241}{section.17.4}% 150
\BOOKMARK [2][-]{subsection.17.4.5}{\376\377\211\304\122\031\123\026\152\041\127\213}{section.17.4}% 151
\BOOKMARK [1][-]{section.17.5}{\376\377\226\220\232\154\134\024\171\321\131\053\152\041\127\213}{chapter.17}% 152
\BOOKMARK [2][-]{subsection.17.5.1}{\376\377\213\304\117\060\225\356\230\230\377\032\000F\000o\000r\000w\000a\000r\000d\000-\000B\000a\000c\000k\000w\000a\000r\000d\173\227\154\325}{section.17.5}% 153
\BOOKMARK [2][-]{subsection.17.5.2}{\376\377\211\343\170\001\225\356\230\230\377\032\000V\000i\000t\000e\000r\000b\000i\173\227\154\325}{section.17.5}% 154
\BOOKMARK [2][-]{subsection.17.5.3}{\376\377\133\146\116\140\225\356\230\230\377\032\000B\000a\000u\000m\000-\000W\000e\000l\000c\000h\173\227\154\325}{section.17.5}% 155
\BOOKMARK [1][-]{section.17.6}{\376\377\147\000\131\047\161\265\232\154\134\024\171\321\131\053\152\041\127\213}{chapter.17}% 156
\BOOKMARK [1][-]{section.17.7}{\376\377\147\141\116\366\226\217\147\072\127\072}{chapter.17}% 157
\BOOKMARK [0][-]{chapter.18}{\376\377\226\306\142\020\133\146\116\140}{part.3}% 158
\BOOKMARK [1][-]{section.18.1}{\376\377\131\032\150\067\140\047}{chapter.18}% 159
\BOOKMARK [1][-]{section.18.2}{\376\377\226\306\142\020\213\357\135\356}{chapter.18}% 160
\BOOKMARK [1][-]{section.18.3}{\376\377\143\320\123\107\173\227\154\325}{chapter.18}% 161
\BOOKMARK [2][-]{subsection.18.3.1}{\376\377\000A\000d\000a\000B\000o\000o\000s\000t}{section.18.3}% 162
\BOOKMARK [2][-]{subsection.18.3.2}{\376\377\000L\000P\000B\000o\000o\000s\000t}{section.18.3}% 163
\BOOKMARK [2][-]{subsection.18.3.3}{\376\377\131\047\225\364\226\224\152\041\127\213\377\032\143\320\123\107\173\227\154\325}{section.18.3}% 164
\BOOKMARK [2][-]{subsection.18.3.4}{\376\377\143\320\123\107\173\227\154\325\166\204\177\072\226\167}{section.18.3}% 165
\BOOKMARK [1][-]{section.18.4}{\376\377\000B\000a\000g\000g\000i\000n\000g}{chapter.18}% 166
\BOOKMARK [1][-]{section.18.5}{\376\377\000S\000t\000a\000c\000k\000i\000n\000g}{chapter.18}% 167
\BOOKMARK [1][-]{section.18.6}{\376\377\226\217\147\072\133\120\172\172\225\364\154\325}{chapter.18}% 168
\BOOKMARK [1][-]{section.18.7}{\376\377\122\240\140\047\150\021\116\033\152\041\127\213}{chapter.18}% 169
\BOOKMARK [1][-]{section.18.8}{\376\377\176\364\145\160\176\246\121\317}{chapter.18}% 170
\BOOKMARK [2][-]{subsection.18.8.1}{\376\377\131\107\137\002\120\074\122\006\211\343}{section.18.8}% 171
\BOOKMARK [2][-]{subsection.18.8.2}{\376\377\116\073\142\020\122\006\122\006\147\220}{section.18.8}% 172
\BOOKMARK [2][-]{subsection.18.8.3}{\376\377\134\100\220\350\176\277\140\047\135\114\121\145}{section.18.8}% 173
\BOOKMARK [2][-]{subsection.18.8.4}{\376\377\142\311\146\156\142\311\145\257\162\171\137\201\146\040\134\004}{section.18.8}% 174
\BOOKMARK [2][-]{subsection.18.8.5}{\376\377\201\352\176\304\176\307\146\040\134\004\177\121\176\334}{section.18.8}% 175
\BOOKMARK [2][-]{subsection.18.8.6}{\376\377\201\352\220\002\136\224\116\244\123\311\217\321\117\074\173\227\154\325}{section.18.8}% 176
\BOOKMARK [1][-]{section.18.9}{\376\377\162\171\137\201\220\011\142\351}{chapter.18}% 177
\BOOKMARK [2][-]{subsection.18.9.1}{\376\377\000R\000e\000l\000i\000e\000f}{section.18.9}% 178
\BOOKMARK [2][-]{subsection.18.9.2}{\376\377\215\052\132\152\144\034\175\042\173\227\154\325}{section.18.9}% 179
\BOOKMARK [2][-]{subsection.18.9.3}{\376\377\000F\000S\000-\000B\000F\000S}{section.18.9}% 180
\BOOKMARK [0][-]{chapter.19}{\376\377\143\250\203\120\174\373\176\337}{part.3}% 181
\BOOKMARK [1][-]{section.19.1}{\376\377\123\117\124\014\217\307\156\344}{chapter.19}% 182
\BOOKMARK [2][-]{subsection.19.1.1}{\376\377\127\372\116\216\165\050\142\067\166\204\123\117\124\014\217\307\156\344\173\227\154\325}{section.19.1}% 183
\BOOKMARK [2][-]{subsection.19.1.2}{\376\377\127\372\116\216\162\151\124\301\166\204\123\117\124\014\217\307\156\344\173\227\154\325}{section.19.1}% 184
\BOOKMARK [1][-]{section.19.2}{\376\377\000S\000l\000o\000p\000e\000\040\000O\000n\000e}{chapter.19}% 185
\BOOKMARK [1][-]{section.19.3}{\376\377\000B\000a\000s\000e\000l\000i\000n\000e}{chapter.19}% 186
\BOOKMARK [1][-]{section.19.4}{\376\377\167\351\226\065\122\006\211\343\152\041\127\213}{chapter.19}% 187
\BOOKMARK [1][-]{section.19.5}{\376\377\117\341\212\211\174\373\176\337}{chapter.19}% 188
\BOOKMARK [1][-]{section.19.6}{\376\377\127\372\116\216\143\222\136\217\133\146\116\140\166\204\143\250\203\120\173\227\154\325}{chapter.19}% 189
\BOOKMARK [1][-]{section.19.7}{\376\377\127\372\116\216\117\341\165\050\166\204\230\204\155\113}{chapter.19}% 190
\BOOKMARK [1][-]{section.19.8}{\376\377\127\372\116\216\126\376\166\204\143\250\203\120\173\227\154\325}{chapter.19}% 191
\BOOKMARK [1][-]{section.19.9}{\376\377\121\154\137\000\145\160\143\156\226\306\377\032\213\304\122\006\230\204\155\113\116\016\143\250\203\120}{chapter.19}% 192
\BOOKMARK [2][-]{subsection.19.9.1}{\376\377\000M\000o\000v\000i\000e\000L\000e\000n\000s}{section.19.9}% 193
\BOOKMARK [2][-]{subsection.19.9.2}{\376\377\000N\000e\000t\000f\000l\000i\000x}{section.19.9}% 194
\BOOKMARK [2][-]{subsection.19.9.3}{\376\377\166\176\136\246\165\065\137\161\143\250\203\120\173\227\154\325\122\033\145\260\131\047\215\133}{section.19.9}% 195
\BOOKMARK [0][-]{chapter.20}{\376\377\117\341\140\157\142\275\123\326}{part.3}% 196
\BOOKMARK [1][-]{section.20.1}{\376\377\000V\000I\000P\000S}{chapter.20}% 197
\BOOKMARK [1][-]{section.20.2}{\376\377\142\113\121\231\133\127\213\306\122\053}{chapter.20}% 198
\BOOKMARK [1][-]{section.20.3}{\376\377\000O\000C\000R}{chapter.20}% 199
\BOOKMARK [0][-]{chapter.21}{\376\377\147\072\126\150\133\146\116\140\127\372\170\100\167\345\213\306}{part.3}% 200
\BOOKMARK [1][-]{section.21.1}{\376\377\154\333\123\026\200\375\122\233}{chapter.21}% 201
\BOOKMARK [1][-]{section.21.2}{\376\377\116\244\123\311\232\214\213\301}{chapter.21}% 202
\BOOKMARK [2][-]{subsection.21.2.1}{\376\377\000H\000o\000l\000d\000-\000O\000u\000t\145\271\154\325}{section.21.2}% 203
\BOOKMARK [2][-]{subsection.21.2.2}{\376\377\000K\142\230\116\244\123\311\232\214\213\301}{section.21.2}% 204
\BOOKMARK [2][-]{subsection.21.2.3}{\376\377\165\131\116\000\116\244\123\311\232\214\213\301}{section.21.2}% 205
\BOOKMARK [1][-]{section.21.3}{\376\377\131\145\123\141\131\306\122\103\122\000}{chapter.21}% 206
\BOOKMARK [1][-]{section.21.4}{\376\377\154\241\147\011\121\115\215\071\123\110\231\020\133\232\164\006}{chapter.21}% 207
\BOOKMARK [1][-]{section.21.5}{\376\377\176\317\232\214\154\325\122\031}{chapter.21}% 208
\BOOKMARK [1][-]{section.21.6}{\376\377\215\052\132\152\173\227\154\325}{chapter.21}% 209
\BOOKMARK [1][-]{section.21.7}{\376\377\127\050\176\277\147\072\126\150\133\146\116\140}{chapter.21}% 210
\BOOKMARK [1][-]{section.21.8}{\376\377\215\205\123\302\145\160\117\030\220\011}{chapter.21}% 211
\BOOKMARK [1][-]{section.21.9}{\376\377\000P\000/\000N\000P\225\356\230\230}{chapter.21}% 212
\BOOKMARK [1][-]{section.21.10}{\376\377\145\066\145\133\220\037\136\246\116\016\131\015\147\102\136\246}{chapter.21}% 213
\BOOKMARK [1][-]{section.21.11}{\376\377\220\002\133\232\225\356\230\230\116\016\227\136\220\002\133\232\225\356\230\230}{chapter.21}% 214
\BOOKMARK [1][-]{section.21.12}{\376\377\153\040\133\232\174\373\176\337\116\016\215\205\133\232\174\373\176\337}{chapter.21}% 215
\BOOKMARK [0][-]{chapter.22}{\376\377\143\222\136\217\133\146\116\140}{part.3}% 216
\BOOKMARK [1][-]{section.22.1}{\376\377\200\314\146\157\116\313\176\315}{chapter.22}% 217
\BOOKMARK [1][-]{section.22.2}{\376\377\170\024\172\166\126\342\226\037}{chapter.22}% 218
\BOOKMARK [1][-]{section.22.3}{\376\377\000P\000R\000a\000n\000k}{chapter.22}% 219
\BOOKMARK [1][-]{section.22.4}{\376\377\000R\000a\000n\000k\000S\000V\000M}{chapter.22}% 220
\BOOKMARK [1][-]{section.22.5}{\376\377\000I\000R\000-\000S\000V\000M}{chapter.22}% 221
\BOOKMARK [1][-]{section.22.6}{\376\377\000S\000V\000M\000-\000M\000A\000P}{chapter.22}% 222
\BOOKMARK [1][-]{section.22.7}{\376\377\000R\000a\000n\000k\000N\000e\000t}{chapter.22}% 223
\BOOKMARK [2][-]{subsection.22.7.1}{\376\377\116\244\123\311\161\265\143\137\131\061\121\375\145\160}{section.22.7}% 224
\BOOKMARK [2][-]{subsection.22.7.2}{\376\377\213\255\176\303}{section.22.7}% 225
\BOOKMARK [2][-]{subsection.22.7.3}{\376\377\142\171\221\317\146\364\145\260}{section.22.7}% 226
\BOOKMARK [1][-]{section.22.8}{\376\377\000L\000a\000m\000b\000d\000a\000R\000a\000n\000k}{chapter.22}% 227
\BOOKMARK [1][-]{section.22.9}{\376\377\000L\000a\000m\000b\000d\000a\000M\000A\000R\000T}{chapter.22}% 228
\BOOKMARK [1][-]{section.22.10}{\376\377\000G\000B\000R\000a\000n\000k}{chapter.22}% 229
\BOOKMARK [1][-]{section.22.11}{\376\377\000G\000B\000l\000e\000n\000d}{chapter.22}% 230
\BOOKMARK [1][-]{section.22.12}{\376\377\000Q\000B\000R\000a\000n\000k}{chapter.22}% 231
\BOOKMARK [1][-]{section.22.13}{\376\377\000L\000i\000s\000t\000N\000e\000t}{chapter.22}% 232
\BOOKMARK [1][-]{section.22.14}{\376\377\000L\000i\000s\000t\000M\000L\000E}{chapter.22}% 233
\BOOKMARK [1][-]{section.22.15}{\376\377\000F\000R\000a\000n\000k}{chapter.22}% 234
\BOOKMARK [1][-]{section.22.16}{\376\377\000B\000o\000l\000t\000z\000R\000a\000n\000k}{chapter.22}% 235
\BOOKMARK [1][-]{section.22.17}{\376\377\000S\000o\000r\000t\000N\000e\000t}{chapter.22}% 236
\BOOKMARK [1][-]{section.22.18}{\376\377\000R\000a\000n\000k\000B\000o\000o\000s\000t}{chapter.22}% 237
\BOOKMARK [2][-]{subsection.22.18.1}{\376\377\143\222\124\015\213\357\135\356}{section.22.18}% 238
\BOOKMARK [2][-]{subsection.22.18.2}{\376\377\137\061\133\146\116\140\126\150\220\011\142\351\124\214\215\113\147\103}{section.22.18}% 239
\BOOKMARK [2][-]{subsection.22.18.3}{\376\377\137\061\133\146\116\140\126\150\166\204\147\204\220\040}{section.22.18}% 240
\BOOKMARK [2][-]{subsection.22.18.4}{\376\377\116\214\122\006\123\315\231\210}{section.22.18}% 241
\BOOKMARK [2][-]{subsection.22.18.5}{\376\377\154\333\123\026\213\357\135\356}{section.22.18}% 242
\BOOKMARK [1][-]{section.22.19}{\376\377\000S\000S\000R\000a\000n\000k\000B\000o\000o\000s\000t}{chapter.22}% 243
\BOOKMARK [1][-]{section.22.20}{\376\377\000A\000d\000a\000R\000a\000n\000k}{chapter.22}% 244
\BOOKMARK [2][-]{subsection.22.20.1}{\376\377\000A\000d\000a\000R\000a\000n\000k\173\227\154\325\166\204\177\072\226\167}{section.22.20}% 245
\BOOKMARK [2][-]{subsection.22.20.2}{\376\377\145\071\217\333\166\204\000A\000d\000a\000R\000a\000n\000k\173\227\154\325}{section.22.20}% 246
\BOOKMARK [1][-]{section.22.21}{\376\377\000N\000D\000C\000G\000B\000o\000o\000s\000t}{chapter.22}% 247
\BOOKMARK [1][-]{section.22.22}{\376\377\000M\000P\000B\000o\000o\000s\000t}{chapter.22}% 248
\BOOKMARK [1][-]{section.22.23}{\376\377\000R\000a\000n\000k\000i\000n\000g\000\040\000R\000e\000f\000i\000n\000e\000m\000e\000n\000t}{chapter.22}% 249
\BOOKMARK [1][-]{section.22.24}{\376\377\000R\000a\000n\000k\000C\000o\000s\000i\000n\000e}{chapter.22}% 250
\BOOKMARK [2][-]{subsection.22.24.1}{\376\377\117\131\137\046\143\137\131\061\121\375\145\160}{section.22.24}% 251
\BOOKMARK [2][-]{subsection.22.24.2}{\376\377\127\372\143\222\124\015\121\375\145\160\166\204\215\113\147\103}{section.22.24}% 252
\BOOKMARK [1][-]{section.22.25}{\376\377\000P\000e\000r\000m\000u\000R\000a\000n\000k}{chapter.22}% 253
\BOOKMARK [1][-]{section.22.26}{\376\377\000I\000n\000t\000e\000r\000v\000a\000l\000R\000a\000n\000k}{chapter.22}% 254
\BOOKMARK [1][-]{section.22.27}{\376\377\000C\000R\000R}{chapter.22}% 255
\BOOKMARK [1][-]{section.22.28}{\376\377\000S\000o\000f\000t\000R\000a\000n\000k}{chapter.22}% 256
\BOOKMARK [1][-]{section.22.29}{\376\377\000B\000a\000y\000e\000s\000R\000a\000n\000k}{chapter.22}% 257
\BOOKMARK [1][-]{section.22.30}{\376\377\000R\000a\000n\000k\000R\000L\000S}{chapter.22}% 258
\BOOKMARK [1][-]{section.22.31}{\376\377\000R\000a\000n\000k\000G\000P}{chapter.22}% 259
\BOOKMARK [1][-]{section.22.32}{\376\377\000S\000L\000R}{chapter.22}% 260
\BOOKMARK [1][-]{section.22.33}{\376\377\000M\000c\000R\000a\000n\000k}{chapter.22}% 261
\BOOKMARK [1][-]{section.22.34}{\376\377\174\373\145\160\143\222\136\217\133\146\116\140}{chapter.22}% 262
\BOOKMARK [1][-]{section.22.35}{\376\377\200\124\176\247\143\222\136\217\152\041\127\213}{chapter.22}% 263
\BOOKMARK [1][-]{section.22.36}{\376\377\143\222\136\217\220\073\217\221\126\336\137\122\152\041\127\213}{chapter.22}% 264
\BOOKMARK [1][-]{section.22.37}{\376\377\136\217\133\371\123\117\214\003\143\222\124\015\145\271\154\325}{chapter.22}% 265
\BOOKMARK [1][-]{section.22.38}{\376\377\121\154\137\000\145\160\143\156\226\306\377\032\143\222\136\217\133\146\116\140}{chapter.22}% 266
\BOOKMARK [2][-]{subsection.22.38.1}{\376\377\000L\000E\000T\000O\000R}{section.22.38}% 267
\BOOKMARK [2][-]{subsection.22.38.2}{\376\377\000M\000i\000c\000r\000o\000s\000o\000f\000t\000\040\000L\000e\000a\000r\000n\000i\000n\000g\000\040\000t\000o\000\040\000R\000a\000n\000k}{section.22.38}% 268
\BOOKMARK [2][-]{subsection.22.38.3}{\376\377\000Y\000a\000h\000o\000o\000!\000\040\000L\000e\000a\000r\000n\000i\000n\000g\000\040\000t\000o\000\040\000R\000a\000n\000k\000\040\000C\000h\000a\000l\000l\000e\000n\000g\000e}{section.22.38}% 269
\BOOKMARK [2][-]{subsection.22.38.4}{\376\377\000Y\000a\000n\000d\000e\000x\000\040\000I\000n\000t\000e\000r\000n\000e\000t\000\040\000M\000a\000t\000h\000e\000m\000a\000t\000i\000c\000s}{section.22.38}% 270
\BOOKMARK [1][-]{section.22.39}{\376\377\143\222\136\217\133\146\116\140\173\227\154\325\154\107\140\073\210\150}{chapter.22}% 271
\BOOKMARK [0][-]{chapter.23}{\376\377\136\246\221\317\143\007\150\007}{part.3}% 272
\BOOKMARK [1][-]{section.23.1}{\376\377\136\246\221\317\172\172\225\364\116\016\155\113\136\246\213\272}{chapter.23}% 273
\BOOKMARK [1][-]{section.23.2}{\376\377\203\003\145\160}{chapter.23}% 274
\BOOKMARK [2][-]{subsection.23.2.1}{\376\377\000H\000\366\000l\000d\000e\000r\203\003\145\160}{section.23.2}% 275
\BOOKMARK [2][-]{subsection.23.2.2}{\376\377\146\374\124\310\230\177\203\003\145\160}{section.23.2}% 276
\BOOKMARK [2][-]{subsection.23.2.3}{\376\377\153\047\137\017\203\003\145\160}{section.23.2}% 277
\BOOKMARK [2][-]{subsection.23.2.4}{\376\377\122\007\153\324\226\352\131\053\203\003\145\160}{section.23.2}% 278
\BOOKMARK [2][-]{subsection.23.2.5}{\376\377\000L\147\000\131\047\203\003\145\160}{section.23.2}% 279
\BOOKMARK [1][-]{section.23.3}{\376\377\215\335\171\273\124\214\166\370\117\074\140\047\136\246\221\317}{chapter.23}% 280
\BOOKMARK [2][-]{subsection.23.3.1}{\376\377\225\365\123\357\131\053\145\257\127\372\215\335\171\273}{section.23.3}% 281
\BOOKMARK [2][-]{subsection.23.3.2}{\376\377\000C\000a\000y\000l\000e\000y\215\335\171\273}{section.23.3}% 282
\BOOKMARK [2][-]{subsection.23.3.3}{\376\377\000U\000l\000a\000m\215\335\171\273}{section.23.3}% 283
\BOOKMARK [2][-]{subsection.23.3.4}{\376\377\154\111\146\016\215\335\171\273}{section.23.3}% 284
\BOOKMARK [2][-]{subsection.23.3.5}{\376\377\147\010\164\003\157\053\153\145\200\005\215\335\171\273}{section.23.3}% 285
\BOOKMARK [2][-]{subsection.23.3.6}{\376\377\117\131\137\046\166\370\117\074\136\246}{section.23.3}% 286
\BOOKMARK [2][-]{subsection.23.3.7}{\376\377\147\160\123\141\137\267\174\373\145\160}{section.23.3}% 287
\BOOKMARK [2][-]{subsection.23.3.8}{\376\377\150\070\166\370\117\074\136\246}{section.23.3}% 288
\BOOKMARK [2][-]{subsection.23.3.9}{\376\377\166\256\134\024\220\012\166\370\121\163\174\373\145\160}{section.23.3}% 289
\BOOKMARK [2][-]{subsection.23.3.10}{\376\377\173\111\176\247\166\370\121\163\174\373\145\160}{section.23.3}% 290
\BOOKMARK [2][-]{subsection.23.3.11}{\376\377\133\371\145\160\117\074\161\066\153\324}{section.23.3}% 291
\BOOKMARK [1][-]{section.23.4}{\376\377\134\100\220\350\145\117\141\037\124\310\136\014}{chapter.23}% 292
\BOOKMARK [2][-]{subsection.23.4.1}{\376\377\000S\000i\000m\000H\000a\000s\000h}{section.23.4}% 293
\BOOKMARK [2][-]{subsection.23.4.2}{\376\377\000M\000i\000n\000H\000a\000s\000h}{section.23.4}% 294
\BOOKMARK [1][-]{section.23.5}{\376\377\143\250\203\120\174\373\176\337\213\304\116\367\143\007\150\007}{chapter.23}% 295
\BOOKMARK [2][-]{subsection.23.5.1}{\376\377\127\107\145\271\150\071\213\357\135\356}{section.23.5}% 296
\BOOKMARK [2][-]{subsection.23.5.2}{\376\377\136\163\127\107\176\335\133\371\213\357\135\356}{section.23.5}% 297
\BOOKMARK [2][-]{subsection.23.5.3}{\376\377\131\032\150\067\140\047}{section.23.5}% 298
\BOOKMARK [2][-]{subsection.23.5.4}{\376\377\000A\000/\000B\155\113\213\325}{section.23.5}% 299
\BOOKMARK [1][-]{section.23.6}{\376\377\143\222\124\015\140\047\200\375\213\304\116\367\143\007\150\007}{chapter.23}% 300
\BOOKMARK [2][-]{subsection.23.6.1}{\376\377\147\345\121\306\163\207}{section.23.6}% 301
\BOOKMARK [2][-]{subsection.23.6.2}{\376\377\123\354\126\336\163\207}{section.23.6}% 302
\BOOKMARK [2][-]{subsection.23.6.3}{\376\377\136\163\127\107\174\276\136\246\127\107\120\074}{section.23.6}% 303
\BOOKMARK [2][-]{subsection.23.6.4}{\376\377\142\230\143\137\175\057\171\357\130\236\166\312}{section.23.6}% 304
\BOOKMARK [2][-]{subsection.23.6.5}{\376\377\120\022\145\160\143\222\124\015\127\107\120\074}{section.23.6}% 305
\BOOKMARK [2][-]{subsection.23.6.6}{\376\377\120\022\145\160\143\222\124\015\147\037\147\033}{section.23.6}% 306
\BOOKMARK [2][-]{subsection.23.6.7}{\376\377\000p\000F\000o\000u\000n\000d}{section.23.6}% 307
\BOOKMARK [2][-]{subsection.23.6.8}{\376\377\200\334\200\005\121\150\142\377}{section.23.6}% 308
\BOOKMARK [1][-]{section.23.7}{\376\377\117\341\140\157\136\246\221\317}{chapter.23}% 309
\BOOKMARK [2][-]{subsection.23.7.1}{\376\377\161\265}{section.23.7}% 310
\BOOKMARK [2][-]{subsection.23.7.2}{\376\377\200\124\124\010\161\265}{section.23.7}% 311
\BOOKMARK [2][-]{subsection.23.7.3}{\376\377\116\244\123\311\161\265}{section.23.7}% 312
\BOOKMARK [2][-]{subsection.23.7.4}{\376\377\147\141\116\366\161\265}{section.23.7}% 313
\BOOKMARK [2][-]{subsection.23.7.5}{\376\377\000K\000L\145\143\136\246}{section.23.7}% 314
\BOOKMARK [2][-]{subsection.23.7.6}{\376\377\116\222\117\341\140\157}{section.23.7}% 315
\BOOKMARK [2][-]{subsection.23.7.7}{\376\377\212\171\150\356\040\023\231\231\121\234\145\143\136\246}{section.23.7}% 316
\BOOKMARK [-1][-]{part.4}{\376\377\173\054\126\333\220\350\122\006\000\040\145\160\133\146\127\372\170\100}{}% 317
\BOOKMARK [0][-]{chapter.24}{\376\377\167\351\226\065\213\272}{part.4}% 318
\BOOKMARK [1][-]{section.24.1}{\376\377\162\171\137\201\174\373\176\337}{chapter.24}% 319
\BOOKMARK [2][-]{subsection.24.1.1}{\376\377\162\171\137\201\120\074\116\016\162\171\137\201\124\021\221\317}{section.24.1}% 320
\BOOKMARK [2][-]{subsection.24.1.2}{\376\377\116\214\153\041\127\213}{section.24.1}% 321
\BOOKMARK [2][-]{subsection.24.1.3}{\376\377\116\045\150\074\133\371\211\322\123\140\117\030\167\351\226\065}{section.24.1}% 322
\BOOKMARK [2][-]{subsection.24.1.4}{\376\377\226\217\147\072\167\351\226\065}{section.24.1}% 323
\BOOKMARK [2][-]{subsection.24.1.5}{\376\377\162\171\137\201\174\373\176\337\166\204\211\343}{section.24.1}% 324
\BOOKMARK [1][-]{section.24.2}{\376\377\167\351\226\065\137\256\122\006}{chapter.24}% 325
\BOOKMARK [2][-]{subsection.24.2.1}{\376\377\121\375\145\160\000y\000=\000A\000x\166\204\120\117\133\374}{section.24.2}% 326
\BOOKMARK [2][-]{subsection.24.2.2}{\376\377\121\375\145\160\000c\000\040\000=\000\040\000y\000T\000\040\000A\000\040\000x\166\204\120\117\133\374}{section.24.2}% 327
\BOOKMARK [2][-]{subsection.24.2.3}{\376\377\167\351\226\065\217\371\166\204\120\117\133\374}{section.24.2}% 328
\BOOKMARK [2][-]{subsection.24.2.4}{\376\377\210\114\122\027\137\017\166\204\120\117\133\374}{section.24.2}% 329
\BOOKMARK [2][-]{subsection.24.2.5}{\376\377\220\006\167\351\226\065\166\204\120\117\133\374}{section.24.2}% 330
\BOOKMARK [0][-]{chapter.25}{\376\377\117\030\123\026\164\006\213\272}{part.4}% 331
\BOOKMARK [1][-]{section.25.1}{\376\377\176\277\140\047\211\304\122\022}{chapter.25}% 332
\BOOKMARK [2][-]{subsection.25.1.1}{\376\377\127\372\147\054\151\202\137\365}{section.25.1}% 333
\BOOKMARK [2][-]{subsection.25.1.2}{\376\377\150\007\121\306\127\213}{section.25.1}% 334
\BOOKMARK [2][-]{subsection.25.1.3}{\376\377\133\371\120\166\225\356\230\230}{section.25.1}% 335
\BOOKMARK [2][-]{subsection.25.1.4}{\376\377\127\372}{section.25.1}% 336
\BOOKMARK [2][-]{subsection.25.1.5}{\376\377\142\311\150\074\147\027\145\345\116\130\133\120\116\016\137\161\133\120\116\367\150\074}{section.25.1}% 337
\BOOKMARK [1][-]{section.25.2}{\376\377\123\125\176\257\137\142\154\325}{chapter.25}% 338
\BOOKMARK [1][-]{section.25.3}{\376\377\121\205\160\271\154\325}{chapter.25}% 339
\BOOKMARK [1][-]{section.25.4}{\376\377\227\136\176\277\140\047\211\304\122\022}{chapter.25}% 340
\BOOKMARK [2][-]{subsection.25.4.1}{\376\377\127\372\147\054\151\202\137\365}{section.25.4}% 341
\BOOKMARK [1][-]{section.25.5}{\376\377\142\311\150\074\147\027\145\345\116\130\133\120\154\325}{chapter.25}% 342
\BOOKMARK [2][-]{subsection.25.5.1}{\376\377\133\371\120\166\225\356\230\230\116\016\000K\000K\000T\147\141\116\366}{section.25.5}% 343
\BOOKMARK [1][-]{section.25.6}{\376\377\150\257\136\246\116\013\226\115\154\325}{chapter.25}% 344
\BOOKMARK [2][-]{subsection.25.6.1}{\376\377\121\161\217\155\150\257\136\246\116\013\226\115\154\325}{section.25.6}% 345
\BOOKMARK [2][-]{subsection.25.6.2}{\376\377\127\120\150\007\116\013\226\115\154\325}{section.25.6}% 346
\BOOKMARK [2][-]{subsection.25.6.3}{\376\377\153\041\150\257\136\246\154\325}{section.25.6}% 347
\BOOKMARK [1][-]{section.25.7}{\376\377\162\133\230\177\154\325}{chapter.25}% 348
\BOOKMARK [1][-]{section.25.8}{\376\377\142\337\162\133\230\177\154\325}{chapter.25}% 349
\BOOKMARK [2][-]{subsection.25.8.1}{\376\377\000D\000F\000P\123\330\134\072\136\246\154\325}{section.25.8}% 350
\BOOKMARK [2][-]{subsection.25.8.2}{\376\377\000B\000F\000G\000S}{section.25.8}% 351
\BOOKMARK [1][-]{section.25.9}{\376\377\122\006\147\235\133\232\165\114\154\325}{chapter.25}% 352
\BOOKMARK [1][-]{section.25.10}{\376\377\122\162\136\163\227\142\154\325}{chapter.25}% 353
\BOOKMARK [1][-]{section.25.11}{\376\377\226\217\147\072\144\034\175\042\173\227\154\325}{chapter.25}% 354
\BOOKMARK [2][-]{subsection.25.11.1}{\376\377\152\041\142\337\220\000\160\153\173\227\154\325}{section.25.11}% 355
\BOOKMARK [2][-]{subsection.25.11.2}{\376\377\220\127\117\040\173\227\154\325}{section.25.11}% 356
\BOOKMARK [1][-]{section.25.12}{\376\377\177\121\150\074\144\034\175\042\173\227\154\325}{chapter.25}% 357
\BOOKMARK [2][-]{subsection.25.12.1}{\376\377\177\121\150\074\156\070\215\160\173\227\154\325}{section.25.12}% 358
\BOOKMARK [1][-]{section.25.13}{\376\377\127\120\150\007\217\156\143\142\154\325}{chapter.25}% 359
\BOOKMARK [1][-]{section.25.14}{\376\377\121\161\217\155\145\271\124\021\154\325}{chapter.25}% 360
\BOOKMARK [1][-]{section.25.15}{\376\377\000N\000e\000l\000d\000e\000r\000-\000M\000e\000a\000d\154\325}{chapter.25}% 361
\BOOKMARK [1][-]{section.25.16}{\376\377\000L\000e\000v\000e\000n\000b\000e\000r\000g\000-\000M\000a\000r\000q\000u\000a\000r\000d\000t\173\227\154\325}{chapter.25}% 362
\BOOKMARK [1][-]{section.25.17}{\376\377\117\341\215\126\127\337\145\271\154\325}{chapter.25}% 363
\BOOKMARK [1][-]{section.25.18}{\376\377\177\132\121\375\145\160\154\325}{chapter.25}% 364
\BOOKMARK [1][-]{section.25.19}{\376\377\226\234\170\215\121\375\145\160}{chapter.25}% 365
\BOOKMARK [1][-]{section.25.20}{\376\377\203\003\145\160\220\074\217\321}{chapter.25}% 366
\BOOKMARK [0][-]{chapter.26}{\376\377\176\337\213\241\133\146}{part.4}% 367
\BOOKMARK [1][-]{section.26.1}{\376\377\151\202\163\207\213\272\127\372\170\100}{chapter.26}% 368
\BOOKMARK [1][-]{section.26.2}{\376\377\226\217\147\072\123\330\221\317\166\204\145\160\133\127\162\171\137\201}{chapter.26}% 369
\BOOKMARK [1][-]{section.26.3}{\376\377\151\202\163\207\122\006\136\003}{chapter.26}% 370
\BOOKMARK [1][-]{section.26.4}{\376\377\151\202\163\207\116\015\173\111\137\017}{chapter.26}% 371
\BOOKMARK [2][-]{subsection.26.4.1}{\376\377\226\306\116\055\116\015\173\111\137\017}{section.26.4}% 372
\BOOKMARK [2][-]{subsection.26.4.2}{\376\377\131\047\145\160\133\232\137\213}{section.26.4}% 373
\BOOKMARK [2][-]{subsection.26.4.3}{\376\377\116\055\137\303\147\201\226\120\133\232\164\006}{section.26.4}% 374
\BOOKMARK [1][-]{section.26.5}{\376\377\176\337\213\241\116\016\142\275\150\067\122\006\136\003}{chapter.26}% 375
\BOOKMARK [1][-]{section.26.6}{\376\377\226\217\147\072\152\041\127\213\116\016\142\275\150\067\145\271\154\325}{chapter.26}% 376
\BOOKMARK [2][-]{subsection.26.6.1}{\376\377\204\231\162\171\123\141\155\033\145\271\154\325}{section.26.6}% 377
\BOOKMARK [2][-]{subsection.26.6.2}{\376\377\232\154\134\024\171\321\131\053\224\376\204\231\162\171\123\141\177\127\154\325}{section.26.6}% 378
\BOOKMARK [1][-]{section.26.7}{\376\377\123\302\145\160\117\060\213\241}{chapter.26}% 379
\BOOKMARK [2][-]{subsection.26.7.1}{\376\377\147\000\131\047\117\074\161\066\117\060\213\241}{section.26.7}% 380
\BOOKMARK [2][-]{subsection.26.7.2}{\376\377\215\035\123\366\145\257\117\060\213\241}{section.26.7}% 381
\BOOKMARK [2][-]{subsection.26.7.3}{\376\377\123\072\225\364\117\060\213\241}{section.26.7}% 382
\BOOKMARK [1][-]{section.26.8}{\376\377\120\107\213\276\150\300\232\214}{chapter.26}% 383
\BOOKMARK [2][-]{subsection.26.8.1}{\376\377\123\302\145\160\120\107\213\276\150\300\232\214}{section.26.8}% 384
\BOOKMARK [2][-]{subsection.26.8.2}{\376\377\227\136\123\302\145\160\120\107\213\276\150\300\232\214}{section.26.8}% 385
\BOOKMARK [2][-]{subsection.26.8.3}{\376\377\146\076\204\127\140\047\150\300\232\214}{section.26.8}% 386
\BOOKMARK [1][-]{section.26.9}{\376\377\000W\000i\000l\000c\000o\000x\000o\000n\000-\000M\000a\000n\000n\000-\000W\000h\000i\000t\000n\000e\000y\150\300\232\214}{chapter.26}% 387
\BOOKMARK [1][-]{section.26.10}{\376\377\116\000\202\054\122\240\154\325\152\041\127\213}{chapter.26}% 388
\BOOKMARK [1][-]{section.26.11}{\376\377\000C\000o\000p\000u\000l\000a\121\375\145\160}{chapter.26}% 389
\BOOKMARK [-1][-]{part.5}{\376\377\173\054\116\224\220\350\122\006\000\040\121\263\173\126\122\006\147\220}{}% 390
\BOOKMARK [0][-]{chapter.27}{\376\377\145\160\143\156\123\005\176\334\122\006\147\220}{part.5}% 391
\BOOKMARK [1][-]{section.27.1}{\376\377\137\025\212\000}{chapter.27}% 392
\BOOKMARK [1][-]{section.27.2}{\376\377\116\044\226\066\153\265\145\271\154\325}{chapter.27}% 393
\BOOKMARK [1][-]{section.27.3}{\376\377\000D\000E\000A\123\330\117\123\152\041\127\213}{chapter.27}% 394
\BOOKMARK [2][-]{subsection.27.3.1}{\376\377\116\000\202\054\140\047\000D\000E\000A\152\041\127\213}{section.27.3}% 395
\BOOKMARK [2][-]{subsection.27.3.2}{\376\377\220\000\123\026\166\204\000D\000E\000A\152\041\127\213}{section.27.3}% 396
\BOOKMARK [2][-]{subsection.27.3.3}{\376\377\220\006\145\160\143\156\123\005\176\334\122\006\147\220\152\041\127\213}{section.27.3}% 397
\BOOKMARK [1][-]{section.27.4}{\376\377\213\241\173\227\225\356\230\230}{chapter.27}% 398
\BOOKMARK [1][-]{section.27.5}{\376\377\145\160\143\156\123\005\176\334\122\006\147\220\116\016\145\160\143\156\143\026\143\230}{chapter.27}% 399
\BOOKMARK [1][-]{section.27.6}{\376\377\127\372\116\216\145\160\143\156\123\005\176\334\122\006\147\220\166\204\143\222\124\015\152\041\127\213}{chapter.27}% 400
\BOOKMARK [2][-]{subsection.27.6.1}{\376\377\116\244\123\311\213\304\116\367\145\271\154\325}{section.27.6}% 401
\BOOKMARK [2][-]{subsection.27.6.2}{\376\377\215\205\145\110\163\207\143\222\124\015\152\041\127\213}{section.27.6}% 402
\BOOKMARK [2][-]{subsection.27.6.3}{\376\377\121\154\121\161\147\103\120\074\124\021\221\317\226\306}{section.27.6}% 403
\BOOKMARK [2][-]{subsection.27.6.4}{\376\377\000D\000R\000/\000D\000E\000A\145\271\154\325}{section.27.6}% 404
\BOOKMARK [2][-]{subsection.27.6.5}{\376\377\127\372\116\216\122\007\153\324\226\352\131\053\215\335\171\273\166\204\143\222\124\015\145\271\154\325}{section.27.6}% 405
\BOOKMARK [2][-]{subsection.27.6.6}{\376\377\000P\000C\000A\143\222\124\015}{section.27.6}% 406
\BOOKMARK [0][-]{chapter.28}{\376\377\000A\000H\000P}{part.5}% 407
\BOOKMARK [1][-]{section.28.1}{\376\377\127\372\147\054\153\145\232\244}{chapter.28}% 408
\BOOKMARK [2][-]{subsection.28.1.1}{\376\377\147\204\220\040\122\044\145\255\167\351\226\065}{section.28.1}% 409
\BOOKMARK [2][-]{subsection.28.1.2}{\376\377\116\000\201\364\140\047\150\300\232\214}{section.28.1}% 410
\BOOKMARK [2][-]{subsection.28.1.3}{\376\377\176\304\124\010\147\103\221\315\124\214\176\304\124\010\116\000\201\364\140\047\150\300\232\214}{section.28.1}% 411
\BOOKMARK [2][-]{subsection.28.1.4}{\376\377\122\044\145\255\167\351\226\065\116\073\162\171\137\201\120\074}{section.28.1}% 412
\BOOKMARK [2][-]{subsection.28.1.5}{\376\377\145\271\150\071\154\325}{section.28.1}% 413
\BOOKMARK [2][-]{subsection.28.1.6}{\376\377\124\214\171\357\154\325}{section.28.1}% 414
\BOOKMARK [1][-]{section.28.2}{\376\377\000A\000H\000P\116\016\143\222\124\015}{chapter.28}% 415
\BOOKMARK [2][-]{subsection.28.2.1}{\376\377\143\222\124\015\200\132\124\010}{section.28.2}% 416
\BOOKMARK [2][-]{subsection.28.2.2}{\376\377\126\340\133\120\143\222\124\015}{section.28.2}% 417
\BOOKMARK [2][-]{subsection.28.2.3}{\376\377\000A\000H\000P\116\016\142\020\133\371\153\324\217\203}{section.28.2}% 418
\BOOKMARK [2][-]{subsection.28.2.4}{\376\377\143\222\136\217\220\006\217\154}{section.28.2}% 419
\BOOKMARK [0][-]{chapter.29}{\376\377\000E\000L\000E\000C\000T\000R\000E}{part.5}% 420
\BOOKMARK [1][-]{section.29.1}{\376\377\120\117\131\175\152\041\127\213}{chapter.29}% 421
\BOOKMARK [1][-]{section.29.2}{\376\377\127\372\147\054\153\145\232\244}{chapter.29}% 422
\BOOKMARK [2][-]{subsection.29.2.1}{\376\377\170\156\133\232\226\010\120\074}{section.29.2}% 423
\BOOKMARK [2][-]{subsection.29.2.2}{\376\377\213\241\173\227\116\000\201\364\117\030\121\110\136\246\060\001\227\136\116\000\201\364\117\030\121\110\136\246}{section.29.2}% 424
\BOOKMARK [2][-]{subsection.29.2.3}{\376\377\213\241\173\227\123\357\117\341\136\246}{section.29.2}% 425
\BOOKMARK [2][-]{subsection.29.2.4}{\376\377\143\222\124\015}{section.29.2}% 426
\BOOKMARK [0][-]{chapter.30}{\376\377\000P\000R\000O\000M\000E\000T\000H\000E\000E}{part.5}% 427
\BOOKMARK [0][-]{chapter.31}{\376\377\000T\000O\000P\000S\000I\000S}{part.5}% 428
\BOOKMARK [0][-]{chapter.32}{\376\377\120\117\131\175\152\041\127\213}{part.5}% 429
\BOOKMARK [1][-]{section.32.1}{\376\377\000W\000P\000M\000:\000\040\000W\000e\000i\000g\000h\000t\000e\000d\000\040\000P\000r\000o\000d\000u\000c\000t\000\040\000M\000o\000d\000e\000l}{chapter.32}% 430
\BOOKMARK [1][-]{section.32.2}{\376\377\000W\000S\000M\000:\000\040\000W\000e\000i\000g\000h\000t\000e\000d\000\040\000S\000u\000m\000\040\000M\000o\000d\000e\000l}{chapter.32}% 431
\BOOKMARK [1][-]{section.32.3}{\376\377\000S\000A\000R\000:\000\040\000S\000i\000m\000p\000l\000e\000\040\000A\000d\000d\000i\000t\000i\000v\000e\000\040\000R\000a\000n\000k\000i\000n\000g}{chapter.32}% 432
\BOOKMARK [1][-]{section.32.4}{\376\377\000S\000I\000R\000:\000\040\000S\000u\000p\000e\000r\000i\000o\000r\000i\000t\000y\000\040\000a\000n\000d\000\040\000I\000n\000f\000e\000r\000i\000o\000r\000i\000t\000y\000\040\000R\000a\000n\000k\000i\000n\000g}{chapter.32}% 433
